Build started 3/14/2017 6:07:35 PM.
     1>Project "C:\Users\Tommy\workspaces\Visual Studio 2013\Physics\Physics\Physics.vcxproj" on node 2 (Build target(s)).
     1>ClCompile:
         C:\Program Files (x86)\Microsoft Visual Studio 12.0\VC\bin\CL.exe /c /Zi /nologo /W3 /WX- /sdl /O2 /Oi /Oy- /GL /D _MBCS /Gm- /EHsc /MD /GS /Gy /fp:precise /Zc:wchar_t /Zc:forScope /Fo"Release\\" /Fd"Release\vc120.pdb" /Gd /TP /analyze- /errorReport:prompt main.cpp sandBox.cpp
         main.cpp
         sandBox.cpp
       Link:
         C:\Program Files (x86)\Microsoft Visual Studio 12.0\VC\bin\link.exe /ERRORREPORT:PROMPT /OUT:"C:\Users\Tommy\workspaces\Visual Studio 2013\Physics\Release\Physics.exe" /NOLOGO kernel32.lib user32.lib gdi32.lib winspool.lib comdlg32.lib advapi32.lib shell32.lib ole32.lib oleaut32.lib uuid.lib odbc32.lib odbccp32.lib /MANIFEST /MANIFESTUAC:"level='asInvoker' uiAccess='false'" /manifest:embed /DEBUG /PDB:"C:\Users\Tommy\workspaces\Visual Studio 2013\Physics\Release\Physics.pdb" /OPT:REF /OPT:ICF /LTCG /TLBID:1 /DYNAMICBASE /NXCOMPAT /IMPLIB:"C:\Users\Tommy\workspaces\Visual Studio 2013\Physics\Release\Physics.lib" /MACHINE:X86 /SAFESEH Release\app.obj
         Release\body.obj
         Release\bridge.obj
         Release\car.obj
         Release\collide_coarse.obj
         Release\collide_fine.obj
         Release\contacts.obj
         Release\core.obj
         Release\cradle.obj
         Release\domino.obj
         Release\curtain.obj
         Release\fgen.obj
         Release\graphics.obj
         Release\joints.obj
         Release\main.obj
         Release\particle.obj
         Release\pcontacts.obj
         Release\pfgen.obj
         Release\piston.obj
         Release\plinks.obj
         Release\pool.obj
         Release\pworld.obj
         Release\sandBox.obj
         Release\world.obj
         Generating code
         Finished generating code
         Physics.vcxproj -> C:\Users\Tommy\workspaces\Visual Studio 2013\Physics\Release\Physics.exe
     1>Done Building Project "C:\Users\Tommy\workspaces\Visual Studio 2013\Physics\Physics\Physics.vcxproj" (Build target(s)).

Build succeeded.

Time Elapsed 00:00:02.90
