Build started 2/13/2017 11:31:54 AM.
     1>Project "C:\Users\Tommy\workspaces\Visual Studio 2013\Physics\Physics\Physics.vcxproj" on node 2 (Build target(s)).
     1>ClCompile:
         C:\Program Files (x86)\Microsoft Visual Studio 12.0\VC\bin\CL.exe /c /ZI /nologo /W3 /WX- /sdl /Od /Oy- /D _MBCS /Gm /EHsc /RTC1 /MDd /GS /fp:precise /Zc:wchar_t /Zc:forScope /Fo"Debug\\" /Fd"Debug\vc120.pdb" /Gd /TP /analyze- /errorReport:prompt graphics.cpp main.cpp
         main.cpp
         Generating Code...
         Skipping... (no relevant changes detected)
         graphics.cpp
       Link:
         C:\Program Files (x86)\Microsoft Visual Studio 12.0\VC\bin\link.exe /ERRORREPORT:PROMPT /OUT:"C:\Users\Tommy\workspaces\Visual Studio 2013\Physics\Debug\Physics.exe" /INCREMENTAL /NOLOGO glut32.lib kernel32.lib user32.lib gdi32.lib winspool.lib comdlg32.lib advapi32.lib shell32.lib ole32.lib oleaut32.lib uuid.lib odbc32.lib odbccp32.lib /MANIFEST /MANIFESTUAC:"level='asInvoker' uiAccess='false'" /manifest:embed /DEBUG /PDB:"C:\Users\Tommy\workspaces\Visual Studio 2013\Physics\Debug\Physics.pdb" /TLBID:1 /DYNAMICBASE /NXCOMPAT /IMPLIB:"C:\Users\Tommy\workspaces\Visual Studio 2013\Physics\Debug\Physics.lib" /MACHINE:X86 Debug\body.obj
         Debug\collide_coarse.obj
         Debug\collide_fine.obj
         Debug\contacts.obj
         Debug\core.obj
         Debug\fgen.obj
         Debug\graphics.obj
         Debug\joints.obj
         Debug\main.obj
         Debug\particle.obj
         Debug\pcontacts.obj
         Debug\pfgen.obj
         Debug\plinks.obj
         Debug\pworld.obj
         Debug\world.obj
         Physics.vcxproj -> C:\Users\Tommy\workspaces\Visual Studio 2013\Physics\Debug\Physics.exe
     1>Done Building Project "C:\Users\Tommy\workspaces\Visual Studio 2013\Physics\Physics\Physics.vcxproj" (Build target(s)).

Build succeeded.

Time Elapsed 00:00:02.41
